<?xml version="1.0" encoding="UTF-8"?>
<robot generator="Robot 7.1.1 (Python 3.13.0 on win32)" generated="2025-01-28T19:43:20.545170" rpa="false" schemaversion="5">
<suite id="s1" name="Saucedemo" source="C:\GitClones\LucasRocha_Port\Automações-Testes\Robot\Tests\saucedemo.robot">
<test id="s1-t1" name="Caso de Teste - Fazer login e concluir compra" line="7">
<kw name="Abrir o Navegador" owner="saucedemo" type="SETUP">
<kw name="Open Browser" owner="SeleniumLibrary">
<msg time="2025-01-28T19:43:20.763451" level="INFO">Opening browser 'chrome' to base url 'https://www.saucedemo.com/'.</msg>
<arg>${URL}</arg>
<arg>chrome</arg>
<doc>Opens a new browser instance to the optional ``url``.</doc>
<status status="PASS" start="2025-01-28T19:43:20.763173" elapsed="2.482588"/>
</kw>
<status status="PASS" start="2025-01-28T19:43:20.762605" elapsed="2.483294"/>
</kw>
<kw name="Acessar a home page" owner="saucedemo">
<kw name="Go To" owner="SeleniumLibrary">
<msg time="2025-01-28T19:43:23.247572" level="INFO">Opening url 'https://www.saucedemo.com/'</msg>
<arg>${url}</arg>
<doc>Navigates the current browser window to the provided ``url``.</doc>
<status status="PASS" start="2025-01-28T19:43:23.247216" elapsed="0.053678"/>
</kw>
<arg>https://www.saucedemo.com/</arg>
<status status="PASS" start="2025-01-28T19:43:23.246544" elapsed="0.054462"/>
</kw>
<kw name="Fazer login" owner="saucedemo">
<kw name="Input Text" owner="SeleniumLibrary">
<msg time="2025-01-28T19:43:23.301882" level="INFO">Typing text 'standard_user' into text field 'id=user-name'.</msg>
<arg>id=user-name</arg>
<arg>${username}</arg>
<doc>Types the given ``text`` into the text field identified by ``locator``.</doc>
<status status="PASS" start="2025-01-28T19:43:23.301548" elapsed="0.173626"/>
</kw>
<kw name="Input Text" owner="SeleniumLibrary">
<msg time="2025-01-28T19:43:23.475707" level="INFO">Typing text 'secret_sauce' into text field 'id=password'.</msg>
<arg>id=password</arg>
<arg>${password}</arg>
<doc>Types the given ``text`` into the text field identified by ``locator``.</doc>
<status status="PASS" start="2025-01-28T19:43:23.475382" elapsed="0.152031"/>
</kw>
<kw name="Click Button" owner="SeleniumLibrary">
<msg time="2025-01-28T19:43:23.627764" level="INFO">Clicking button 'id=login-button'.</msg>
<arg>id=login-button</arg>
<doc>Clicks the button identified by ``locator``.</doc>
<status status="PASS" start="2025-01-28T19:43:23.627593" elapsed="0.105891"/>
</kw>
<arg>standard_user</arg>
<arg>secret_sauce</arg>
<status status="PASS" start="2025-01-28T19:43:23.301275" elapsed="0.432317"/>
</kw>
<kw name="Adicionar produto no carrinho" owner="saucedemo">
<kw name="Click Button" owner="SeleniumLibrary">
<msg time="2025-01-28T19:43:23.734434" level="INFO">Clicking button 'xpath=//button[contains(@class, 'btn_inventory')]'.</msg>
<arg>xpath=//button[contains(@class, 'btn_inventory')]</arg>
<doc>Clicks the button identified by ``locator``.</doc>
<status status="PASS" start="2025-01-28T19:43:23.734203" elapsed="0.125928"/>
</kw>
<status status="PASS" start="2025-01-28T19:43:23.733952" elapsed="0.126309"/>
</kw>
<kw name="Visualizar carrinho" owner="saucedemo">
<kw name="Click Element" owner="SeleniumLibrary">
<msg time="2025-01-28T19:43:23.861327" level="INFO">Clicking element 'id=shopping_cart_container'.</msg>
<arg>id=shopping_cart_container</arg>
<doc>Click the element identified by ``locator``.</doc>
<status status="PASS" start="2025-01-28T19:43:23.861121" elapsed="0.062925"/>
</kw>
<status status="PASS" start="2025-01-28T19:43:23.860585" elapsed="0.063609"/>
</kw>
<kw name="Fazer checkout" owner="saucedemo">
<kw name="Click Button" owner="SeleniumLibrary">
<msg time="2025-01-28T19:43:23.924902" level="INFO">Clicking button 'id=checkout'.</msg>
<arg>id=checkout</arg>
<doc>Clicks the button identified by ``locator``.</doc>
<status status="PASS" start="2025-01-28T19:43:23.924767" elapsed="0.071367"/>
</kw>
<kw name="Input Text" owner="SeleniumLibrary">
<msg time="2025-01-28T19:43:23.996637" level="INFO">Typing text 'João' into text field 'id=first-name'.</msg>
<arg>id=first-name</arg>
<arg>${first_name}</arg>
<doc>Types the given ``text`` into the text field identified by ``locator``.</doc>
<status status="PASS" start="2025-01-28T19:43:23.996355" elapsed="0.070610"/>
</kw>
<kw name="Input Text" owner="SeleniumLibrary">
<msg time="2025-01-28T19:43:24.067315" level="INFO">Typing text 'Silva' into text field 'id=last-name'.</msg>
<arg>id=last-name</arg>
<arg>${last_name}</arg>
<doc>Types the given ``text`` into the text field identified by ``locator``.</doc>
<status status="PASS" start="2025-01-28T19:43:24.067124" elapsed="0.072228"/>
</kw>
<kw name="Input Text" owner="SeleniumLibrary">
<msg time="2025-01-28T19:43:24.139702" level="INFO">Typing text '12345678' into text field 'id=postal-code'.</msg>
<arg>id=postal-code</arg>
<arg>${postal_code}</arg>
<doc>Types the given ``text`` into the text field identified by ``locator``.</doc>
<status status="PASS" start="2025-01-28T19:43:24.139515" elapsed="0.079668"/>
</kw>
<kw name="Click Button" owner="SeleniumLibrary">
<msg time="2025-01-28T19:43:24.219493" level="INFO">Clicking button 'id=continue'.</msg>
<arg>id=continue</arg>
<doc>Clicks the button identified by ``locator``.</doc>
<status status="PASS" start="2025-01-28T19:43:24.219343" elapsed="0.072705"/>
</kw>
<arg>João</arg>
<arg>Silva</arg>
<arg>12345678</arg>
<status status="PASS" start="2025-01-28T19:43:23.924502" elapsed="0.367658"/>
</kw>
<kw name="Finalizar compra" owner="saucedemo">
<kw name="Click Button" owner="SeleniumLibrary">
<msg time="2025-01-28T19:43:24.293278" level="INFO">Clicking button 'id=finish'.</msg>
<arg>id=finish</arg>
<doc>Clicks the button identified by ``locator``.</doc>
<status status="PASS" start="2025-01-28T19:43:24.293126" elapsed="0.073331"/>
</kw>
<status status="PASS" start="2025-01-28T19:43:24.292751" elapsed="0.073829"/>
</kw>
<kw name="Verificar compra concluída" owner="saucedemo">
<kw name="Element Should Be Visible" owner="SeleniumLibrary">
<msg time="2025-01-28T19:43:24.390131" level="INFO">Element 'xpath=//h2[@class='complete-header'][contains(.,'Thank you for your order!')]' is displayed.</msg>
<arg>xpath=//h2[@class='complete-header'][contains(.,'Thank you for your order!')]</arg>
<doc>Verifies that the element identified by ``locator`` is visible.</doc>
<status status="PASS" start="2025-01-28T19:43:24.367170" elapsed="0.023042"/>
</kw>
<status status="PASS" start="2025-01-28T19:43:24.366915" elapsed="0.023382"/>
</kw>
<kw name="Fechar o Navegador" owner="saucedemo" type="TEARDOWN">
<kw name="Capture Page Screenshot" owner="SeleniumLibrary">
<msg time="2025-01-28T19:43:24.473574" level="INFO" html="true">&lt;/td&gt;&lt;/tr&gt;&lt;tr&gt;&lt;td colspan="3"&gt;&lt;a href="selenium-screenshot-1.png"&gt;&lt;img src="selenium-screenshot-1.png" width="800px"&gt;&lt;/a&gt;</msg>
<doc>Takes a screenshot of the current page and embeds it into a log file.</doc>
<status status="PASS" start="2025-01-28T19:43:24.390804" elapsed="0.082864"/>
</kw>
<kw name="Close Browser" owner="SeleniumLibrary">
<doc>Closes the current browser.</doc>
<status status="PASS" start="2025-01-28T19:43:24.473806" elapsed="2.138646"/>
</kw>
<status status="PASS" start="2025-01-28T19:43:24.390600" elapsed="2.222007"/>
</kw>
<doc>Esse teste faz o login no saucedemo.com,
adiciona produtos no carrinho e finaliza a compra</doc>
<tag>login_compra</tag>
<status status="PASS" start="2025-01-28T19:43:20.761877" elapsed="5.851310"/>
</test>
<status status="PASS" start="2025-01-28T19:43:20.546382" elapsed="6.068066"/>
</suite>
<statistics>
<total>
<stat pass="1" fail="0" skip="0">All Tests</stat>
</total>
<tag>
<stat pass="1" fail="0" skip="0">login_compra</stat>
</tag>
<suite>
<stat pass="1" fail="0" skip="0" id="s1" name="Saucedemo">Saucedemo</stat>
</suite>
</statistics>
<errors>
</errors>
</robot>
