<?xml version="1.0" encoding="UTF-8"?>
<robot generator="Robot 7.1.1 (Python 3.13.0 on win32)" generated="2025-01-18T16:21:24.793272" rpa="false" schemaversion="5">
<suite id="s1" name="Saucedemo" source="C:\GitClones\LucasRocha_Port\Robot\Tests\saucedemo.robot">
<test id="s1-t1" name="Caso de Teste - Fazer login e concluir compra" line="7">
<kw name="Abrir o Navegador" owner="saucedemo" type="SETUP">
<kw name="Open Browser" owner="SeleniumLibrary">
<msg time="2025-01-18T16:21:24.991629" level="INFO">Opening browser 'chrome' to base url 'None'.</msg>
<arg>browser=chrome</arg>
<doc>Opens a new browser instance to the optional ``url``.</doc>
<status status="PASS" start="2025-01-18T16:21:24.991461" elapsed="1.310788"/>
</kw>
<kw name="Maximize Browser Window" owner="SeleniumLibrary">
<doc>Maximizes current browser window.</doc>
<status status="PASS" start="2025-01-18T16:21:26.302431" elapsed="0.025167"/>
</kw>
<status status="PASS" start="2025-01-18T16:21:24.990920" elapsed="1.336825"/>
</kw>
<kw name="Acessar a home page https://www.saucedemo.com/" owner="saucedemo">
<kw name="Go To" owner="SeleniumLibrary">
<msg time="2025-01-18T16:21:26.329224" level="INFO">Opening url 'https://www.saucedemo.com/'</msg>
<arg>url=${URL}</arg>
<doc>Navigates the current browser window to the provided ``url``.</doc>
<status status="PASS" start="2025-01-18T16:21:26.328899" elapsed="0.577890"/>
</kw>
<kw name="Wait Until Element Is Visible" owner="SeleniumLibrary">
<arg>locator=//div[@class='login_logo'][contains(.,'Swag Labs')]</arg>
<doc>Waits until the element ``locator`` is visible.</doc>
<status status="PASS" start="2025-01-18T16:21:26.906970" elapsed="0.030124"/>
</kw>
<status status="PASS" start="2025-01-18T16:21:26.328448" elapsed="0.608767"/>
</kw>
<kw name="Preencher o &quot;Username&quot; e o &quot;Password&quot;" owner="saucedemo">
<kw name="Input Text" owner="SeleniumLibrary">
<msg time="2025-01-18T16:21:26.937980" level="INFO">Typing text 'standard_user' into text field '//input[contains(@placeholder,'Username')]'.</msg>
<arg>locator=//input[contains(@placeholder,'Username')]</arg>
<arg>text=standard_user</arg>
<doc>Types the given ``text`` into the text field identified by ``locator``.</doc>
<status status="PASS" start="2025-01-18T16:21:26.937818" elapsed="0.167300"/>
</kw>
<kw name="Input Text" owner="SeleniumLibrary">
<msg time="2025-01-18T16:21:27.105538" level="INFO">Typing text 'secret_sauce' into text field '//input[contains(@placeholder,'Password')]'.</msg>
<arg>locator=//input[contains(@placeholder,'Password')]</arg>
<arg>text=secret_sauce</arg>
<doc>Types the given ``text`` into the text field identified by ``locator``.</doc>
<status status="PASS" start="2025-01-18T16:21:27.105334" elapsed="0.112403"/>
</kw>
<status status="PASS" start="2025-01-18T16:21:26.937551" elapsed="0.280288"/>
</kw>
<kw name="Clicar no botão de &quot;Login&quot;" owner="saucedemo">
<kw name="Click Element" owner="SeleniumLibrary">
<msg time="2025-01-18T16:21:27.218466" level="INFO">Clicking element '//input[contains(@type,'submit')]'.</msg>
<arg>locator=//input[contains(@type,'submit')]</arg>
<doc>Click the element identified by ``locator``.</doc>
<status status="PASS" start="2025-01-18T16:21:27.218324" elapsed="0.094805"/>
</kw>
<kw name="Wait Until Element Is Visible" owner="SeleniumLibrary">
<arg>locator=//span[@class='title'][contains(.,'Products')]</arg>
<doc>Waits until the element ``locator`` is visible.</doc>
<status status="PASS" start="2025-01-18T16:21:27.313289" elapsed="0.021577"/>
</kw>
<status status="PASS" start="2025-01-18T16:21:27.218092" elapsed="0.116878"/>
</kw>
<kw name="Adicionar um produto no carrinho" owner="saucedemo">
<kw name="Click Element" owner="SeleniumLibrary">
<msg time="2025-01-18T16:21:27.335632" level="INFO">Clicking element '//button[contains(@data-test,'add-to-cart-sauce-labs-backpack')]'.</msg>
<arg>locator=//button[contains(@data-test,'add-to-cart-sauce-labs-backpack')]</arg>
<doc>Click the element identified by ``locator``.</doc>
<status status="PASS" start="2025-01-18T16:21:27.335481" elapsed="0.077987"/>
</kw>
<kw name="Wait Until Element Is Visible" owner="SeleniumLibrary">
<arg>locator=//button[@class='btn btn_secondary btn_small btn_inventory '][contains(.,'Remove')]</arg>
<doc>Waits until the element ``locator`` is visible.</doc>
<status status="PASS" start="2025-01-18T16:21:27.413646" elapsed="0.023666"/>
</kw>
<status status="PASS" start="2025-01-18T16:21:27.335241" elapsed="0.102184"/>
</kw>
<kw name="Clicar no carrinho para visualizar o produto" owner="saucedemo">
<kw name="Click Element" owner="SeleniumLibrary">
<msg time="2025-01-18T16:21:27.438145" level="INFO">Clicking element '//a[@class='shopping_cart_link'][contains(.,'1')]'.</msg>
<arg>locator=//a[@class='shopping_cart_link'][contains(.,'1')]</arg>
<doc>Click the element identified by ``locator``.</doc>
<status status="PASS" start="2025-01-18T16:21:27.437997" elapsed="0.090954"/>
</kw>
<kw name="Wait Until Element Is Visible" owner="SeleniumLibrary">
<arg>locator=//span[@class='title'][contains(.,'Your Cart')]</arg>
<doc>Waits until the element ``locator`` is visible.</doc>
<status status="PASS" start="2025-01-18T16:21:27.529192" elapsed="0.020105"/>
</kw>
<status status="PASS" start="2025-01-18T16:21:27.437762" elapsed="0.111658"/>
</kw>
<kw name="Clicar em &quot;Checkout&quot;" owner="saucedemo">
<kw name="Click Element" owner="SeleniumLibrary">
<msg time="2025-01-18T16:21:27.550075" level="INFO">Clicking element 'checkout'.</msg>
<arg>locator=checkout</arg>
<doc>Click the element identified by ``locator``.</doc>
<status status="PASS" start="2025-01-18T16:21:27.549928" elapsed="0.063218"/>
</kw>
<kw name="Wait Until Element Is Visible" owner="SeleniumLibrary">
<arg>locator=//span[@class='title'][contains(.,'Checkout: Your Information')]</arg>
<doc>Waits until the element ``locator`` is visible.</doc>
<status status="PASS" start="2025-01-18T16:21:27.613306" elapsed="0.019210"/>
</kw>
<status status="PASS" start="2025-01-18T16:21:27.549692" elapsed="0.082926"/>
</kw>
<kw name="Preencher informações de checkout" owner="saucedemo">
<kw name="Input Text" owner="SeleniumLibrary">
<msg time="2025-01-18T16:21:27.633279" level="INFO">Typing text 'João' into text field 'first-name'.</msg>
<arg>locator=first-name</arg>
<arg>text=${nome}</arg>
<doc>Types the given ``text`` into the text field identified by ``locator``.</doc>
<status status="PASS" start="2025-01-18T16:21:27.633109" elapsed="0.083448"/>
</kw>
<kw name="Input Text" owner="SeleniumLibrary">
<msg time="2025-01-18T16:21:27.716979" level="INFO">Typing text 'Silva' into text field 'last-name'.</msg>
<arg>locator=last-name</arg>
<arg>text=${sobrenome}</arg>
<doc>Types the given ``text`` into the text field identified by ``locator``.</doc>
<status status="PASS" start="2025-01-18T16:21:27.716722" elapsed="0.125598"/>
</kw>
<kw name="Input Text" owner="SeleniumLibrary">
<msg time="2025-01-18T16:21:27.842847" level="INFO">Typing text '12345678' into text field 'postal-code'.</msg>
<arg>locator=postal-code</arg>
<arg>text=${cep}</arg>
<doc>Types the given ``text`` into the text field identified by ``locator``.</doc>
<status status="PASS" start="2025-01-18T16:21:27.842511" elapsed="0.101084"/>
</kw>
<arg>João</arg>
<arg>Silva</arg>
<arg>12345678</arg>
<status status="PASS" start="2025-01-18T16:21:27.632865" elapsed="0.310830"/>
</kw>
<kw name="Clicar em &quot;Continue&quot;" owner="saucedemo">
<kw name="Click Element" owner="SeleniumLibrary">
<msg time="2025-01-18T16:21:27.944270" level="INFO">Clicking element 'continue'.</msg>
<arg>locator=continue</arg>
<doc>Click the element identified by ``locator``.</doc>
<status status="PASS" start="2025-01-18T16:21:27.944139" elapsed="0.074886"/>
</kw>
<kw name="Wait Until Element Is Visible" owner="SeleniumLibrary">
<arg>locator=//span[@class='title'][contains(.,'Checkout: Overview')]</arg>
<doc>Waits until the element ``locator`` is visible.</doc>
<status status="PASS" start="2025-01-18T16:21:28.019190" elapsed="0.018280"/>
</kw>
<status status="PASS" start="2025-01-18T16:21:27.943946" elapsed="0.093831"/>
</kw>
<kw name="Clicar em &quot;Finish&quot;" owner="saucedemo">
<kw name="Click Element" owner="SeleniumLibrary">
<msg time="2025-01-18T16:21:28.038560" level="INFO">Clicking element 'finish'.</msg>
<arg>locator=finish</arg>
<doc>Click the element identified by ``locator``.</doc>
<status status="PASS" start="2025-01-18T16:21:28.038423" elapsed="0.062760"/>
</kw>
<status status="PASS" start="2025-01-18T16:21:28.038223" elapsed="0.063061"/>
</kw>
<kw name="Verificar se a compra foi concluída" owner="saucedemo">
<kw name="Element Should Be Visible" owner="SeleniumLibrary">
<msg time="2025-01-18T16:21:28.121036" level="INFO">Element '//h2[@class='complete-header'][contains(.,'Thank you for your order!')]' is displayed.</msg>
<arg>locator=//h2[@class='complete-header'][contains(.,'Thank you for your order!')]</arg>
<doc>Verifies that the element identified by ``locator`` is visible.</doc>
<status status="PASS" start="2025-01-18T16:21:28.101774" elapsed="0.019363"/>
</kw>
<status status="PASS" start="2025-01-18T16:21:28.101550" elapsed="0.019693"/>
</kw>
<kw name="Fechar o Navegador" owner="saucedemo" type="TEARDOWN">
<kw name="Capture Page Screenshot" owner="SeleniumLibrary">
<msg time="2025-01-18T16:21:28.225124" level="INFO" html="true">&lt;/td&gt;&lt;/tr&gt;&lt;tr&gt;&lt;td colspan="3"&gt;&lt;a href="selenium-screenshot-5.png"&gt;&lt;img src="selenium-screenshot-5.png" width="800px"&gt;&lt;/a&gt;</msg>
<doc>Takes a screenshot of the current page and embeds it into a log file.</doc>
<status status="PASS" start="2025-01-18T16:21:28.122001" elapsed="0.103238"/>
</kw>
<kw name="Close Browser" owner="SeleniumLibrary">
<doc>Closes the current browser.</doc>
<status status="PASS" start="2025-01-18T16:21:28.225407" elapsed="2.155225"/>
</kw>
<status status="PASS" start="2025-01-18T16:21:28.121758" elapsed="2.259017"/>
</kw>
<doc>Esse teste faz o login no saucedemo.com,
adiciona produtos no carrinho e finaliza a compra</doc>
<tag>login_compra</tag>
<status status="PASS" start="2025-01-18T16:21:24.990030" elapsed="5.390959"/>
</test>
<status status="PASS" start="2025-01-18T16:21:24.794539" elapsed="5.587317"/>
</suite>
<statistics>
<total>
<stat pass="1" fail="0" skip="0">All Tests</stat>
</total>
<tag>
<stat pass="1" fail="0" skip="0">login_compra</stat>
</tag>
<suite>
<stat pass="1" fail="0" skip="0" id="s1" name="Saucedemo">Saucedemo</stat>
</suite>
</statistics>
<errors>
</errors>
</robot>
